{
  "RSpec": {
    "coverage": {
      "/Users/8man/iOS/potential-adventure/rails_projects/GenerosityEngine/spec/spec_helper.rb": [
        null,
        1,
        1,
        1,
        null,
        null,
        null,
        null,
        null,
        null,
        null,
        null,
        1,
        null,
        null,
        null,
        1,
        null,
        1,
        null,
        null,
        null,
        null,
        null,
        null,
        null,
        null,
        null,
        1,
        null,
        null,
        null,
        null,
        1,
        null,
        null,
        null,
        null,
        1,
        null,
        null,
        null,
        null,
        null,
        1,
        null,
        null,
        null,
        null,
        null,
        null,
        null,
        null,
        null,
        null,
        null,
        null,
        null,
        null,
        1,
        null
      ],
      "/Users/8man/iOS/potential-adventure/rails_projects/GenerosityEngine/config/environment.rb": [
        null,
        1,
        null,
        null,
        1
      ],
      "/Users/8man/iOS/potential-adventure/rails_projects/GenerosityEngine/config/application.rb": [
        1,
        null,
        1,
        null,
        null,
        null,
        1,
        null,
        1,
        1,
        1,
        1,
        1,
        1,
        null,
        null,
        null,
        1,
        null,
        null,
        null,
        null,
        null,
        null,
        null,
        null,
        null
      ],
      "/Users/8man/iOS/potential-adventure/rails_projects/GenerosityEngine/config/boot.rb": [
        null,
        1,
        null,
        1
      ],
      "/Users/8man/iOS/potential-adventure/rails_projects/GenerosityEngine/config/environments/test.rb": [
        1,
        null,
        null,
        null,
        null,
        null,
        null,
        1,
        null,
        null,
        null,
        null,
        1,
        null,
        null,
        1,
        1,
        null,
        null,
        1,
        1,
        null,
        null,
        1,
        null,
        null,
        1,
        null,
        null,
        null,
        null,
        1,
        null,
        null,
        1,
        null,
        null,
        null,
        null
      ],
      "/Users/8man/iOS/potential-adventure/rails_projects/GenerosityEngine/config/initializers/assets.rb": [
        null,
        null,
        null,
        1,
        1,
        null,
        null,
        null
      ],
      "/Users/8man/iOS/potential-adventure/rails_projects/GenerosityEngine/config/initializers/backtrace_silencers.rb": [
        null,
        null,
        null,
        null,
        null,
        null,
        null
      ],
      "/Users/8man/iOS/potential-adventure/rails_projects/GenerosityEngine/config/initializers/cookies_serializer.rb": [
        null,
        null,
        1
      ],
      "/Users/8man/iOS/potential-adventure/rails_projects/GenerosityEngine/config/initializers/filter_parameter_logging.rb": [
        null,
        null,
        null,
        1
      ],
      "/Users/8man/iOS/potential-adventure/rails_projects/GenerosityEngine/config/initializers/inflections.rb": [
        null,
        null,
        null,
        null,
        null,
        null,
        null,
        null,
        null,
        null,
        null,
        null,
        null,
        null,
        null,
        null
      ],
      "/Users/8man/iOS/potential-adventure/rails_projects/GenerosityEngine/config/initializers/mime_types.rb": [
        null,
        null,
        null,
        null
      ],
      "/Users/8man/iOS/potential-adventure/rails_projects/GenerosityEngine/config/initializers/session_store.rb": [
        null,
        null,
        1
      ],
      "/Users/8man/iOS/potential-adventure/rails_projects/GenerosityEngine/config/initializers/wrap_parameters.rb": [
        null,
        null,
        null,
        null,
        null,
        null,
        1,
        1,
        null,
        null,
        null,
        null,
        null,
        null
      ],
      "/Users/8man/iOS/potential-adventure/rails_projects/GenerosityEngine/spec/factories/challenges.rb": [
        1,
        1,
        1,
        1,
        null,
        null,
        null
      ],
      "/Users/8man/iOS/potential-adventure/rails_projects/GenerosityEngine/spec/factories/gifts.rb": [
        null,
        null,
        1,
        1,
        null,
        null
      ],
      "/Users/8man/iOS/potential-adventure/rails_projects/GenerosityEngine/spec/factories/restaurants.rb": [
        null,
        null,
        1,
        1,
        1,
        null,
        null
      ],
      "/Users/8man/iOS/potential-adventure/rails_projects/GenerosityEngine/spec/factories/users.rb": [
        null,
        null,
        1,
        1,
        null,
        null
      ],
      "/Users/8man/iOS/potential-adventure/rails_projects/GenerosityEngine/config/routes.rb": [
        1,
        1,
        1,
        1,
        null,
        1,
        1,
        1,
        1,
        1,
        1,
        null,
        null,
        1,
        null,
        1,
        1,
        1,
        1,
        1,
        1,
        1,
        null,
        1,
        1,
        1,
        1,
        1,
        1,
        null,
        1,
        null,
        null,
        null,
        null,
        null,
        null,
        null,
        null,
        null,
        null,
        1,
        null,
        null,
        null,
        null,
        null,
        null,
        null,
        null,
        null,
        null,
        null,
        null,
        null,
        null,
        null,
        null,
        null,
        null,
        null,
        null,
        null,
        null,
        null,
        null,
        null,
        null,
        null,
        null,
        null,
        null,
        null,
        null,
        null,
        null,
        null,
        null,
        null,
        null,
        null,
        null,
        null
      ],
      "/Users/8man/iOS/potential-adventure/rails_projects/GenerosityEngine/app/helpers/application_helper.rb": [
        1,
        null
      ],
      "/Users/8man/iOS/potential-adventure/rails_projects/GenerosityEngine/app/helpers/challenges_helper.rb": [
        1,
        null
      ],
      "/Users/8man/iOS/potential-adventure/rails_projects/GenerosityEngine/app/helpers/gifts_helper.rb": [
        1,
        null
      ],
      "/Users/8man/iOS/potential-adventure/rails_projects/GenerosityEngine/app/helpers/sessions_helper.rb": [
        1,
        null,
        1,
        0,
        null,
        null,
        1,
        0,
        0,
        null,
        null,
        null,
        null,
        1,
        0,
        null,
        null,
        null,
        1,
        0,
        null,
        null
      ],
      "/Users/8man/iOS/potential-adventure/rails_projects/GenerosityEngine/app/helpers/tracker_helper.rb": [
        1,
        null
      ],
      "/Users/8man/iOS/potential-adventure/rails_projects/GenerosityEngine/app/helpers/user_helper.rb": [
        1,
        null
      ],
      "/Users/8man/iOS/potential-adventure/rails_projects/GenerosityEngine/app/helpers/users_helper.rb": [
        1,
        null
      ],
      "/Users/8man/iOS/potential-adventure/rails_projects/GenerosityEngine/app/models/users.rb": [
        1,
        null,
        1,
        1,
        1,
        null,
        1,
        1,
        1,
        1,
        null,
        null,
        1,
        1,
        1,
        1,
        1,
        null,
        1,
        null,
        1,
        null,
        0,
        null,
        null,
        1,
        0,
        0,
        0,
        0,
        0,
        0,
        null,
        null,
        null,
        1,
        null,
        0,
        0,
        0,
        0,
        0,
        null,
        0,
        null,
        null,
        1,
        11,
        null,
        11,
        9,
        9,
        9,
        9,
        null,
        null,
        null,
        0,
        null,
        0,
        null,
        2,
        2,
        null,
        null,
        null,
        null,
        1,
        0,
        null,
        null,
        null
      ],
      "/Users/8man/iOS/potential-adventure/rails_projects/GenerosityEngine/app/models/challenge.rb": [
        1,
        1,
        1,
        null,
        8,
        8,
        8,
        8,
        8,
        0,
        0,
        null,
        null,
        8,
        null,
        8,
        null,
        3,
        2,
        2,
        null,
        1,
        1,
        null,
        null,
        5,
        5,
        5,
        5,
        5,
        null,
        0,
        null,
        5,
        null,
        null,
        1,
        3,
        3,
        3,
        3,
        3,
        3,
        3,
        null,
        0,
        0,
        null,
        0,
        null,
        null,
        null,
        null,
        null,
        null,
        null,
        1,
        1,
        null,
        1,
        1,
        1,
        1,
        1,
        1,
        1,
        null,
        0,
        0,
        0,
        0,
        null,
        0,
        0,
        0,
        null,
        null,
        null,
        null,
        1,
        null,
        null,
        null,
        null,
        1,
        null,
        null,
        null,
        null
      ],
      "/Users/8man/iOS/potential-adventure/rails_projects/GenerosityEngine/app/models/gift.rb": [
        1,
        1,
        1,
        1,
        1,
        0,
        0,
        0,
        0,
        0,
        null,
        null,
        1,
        0,
        0,
        0,
        0,
        0,
        0,
        null,
        0,
        null,
        null,
        0,
        0,
        0,
        null,
        0,
        null,
        null,
        1,
        0,
        0,
        0,
        0,
        0,
        0,
        0,
        null,
        null,
        0,
        null,
        null,
        1,
        0,
        0,
        0,
        0,
        null,
        0,
        0,
        0,
        0,
        null,
        null,
        0,
        0,
        null,
        0,
        null,
        null,
        1,
        0,
        null,
        1,
        0,
        0,
        0,
        0,
        0,
        0,
        0,
        0,
        0,
        0,
        0,
        0,
        null,
        0,
        0,
        0,
        0,
        0,
        0,
        null,
        0,
        0,
        0,
        0,
        null,
        0,
        0,
        0,
        0,
        null,
        null,
        0,
        null,
        0,
        null,
        null,
        null,
        1,
        0,
        0,
        0,
        null,
        0,
        null,
        0,
        null,
        null,
        null
      ]
    },
    "timestamp": 1415253023
  }
}
